<?xml version="1.0" encoding="UTF-8"?>
<!-- Generated by org.testng.reporters.JUnitXMLReporter -->
<testsuite hostname="II39-3S3TQQ2" ignored="0" name="Test" tests="2" failures="1" timestamp="31 Jan 2019 06:55:59 GMT" time="11.836" errors="0">
  <testcase name="Login" time="1.764" classname="FreeCRM1.FCTest"/>
  <testcase name="deal_creation" time="0.069" classname="FreeCRM1.FCTest">
    <failure type="org.openqa.selenium.NoSuchFrameException" message="No frame element found by name or id mainpanel
Build info: version: &amp;apos;3.141.59&amp;apos;, revision: &amp;apos;e82be7d358&amp;apos;, time: &amp;apos;2018-11-14T08:17:03&amp;apos;
System info: host: &amp;apos;II39-3S3TQQ2&amp;apos;, ip: &amp;apos;10.170.225.159&amp;apos;, os.name: &amp;apos;Windows 7&amp;apos;, os.arch: &amp;apos;amd64&amp;apos;, os.version: &amp;apos;6.1&amp;apos;, java.version: &amp;apos;1.8.0_171&amp;apos;
Driver info: driver.version: unknown">
      <![CDATA[org.openqa.selenium.NoSuchFrameException: No frame element found by name or id mainpanel
Build info: version: '3.141.59', revision: 'e82be7d358', time: '2018-11-14T08:17:03'
System info: host: 'II39-3S3TQQ2', ip: '10.170.225.159', os.name: 'Windows 7', os.arch: 'amd64', os.version: '6.1', java.version: '1.8.0_171'
Driver info: driver.version: unknown
at org.openqa.selenium.remote.RemoteWebDriver$RemoteTargetLocator.frame(RemoteWebDriver.java:885)
at FreeCRM1.FCTest.deal_creation(FCTest.java:38)
... Removed 25 stack frames]]>
    </failure>
  </testcase> <!-- deal_creation -->
</testsuite> <!-- Test -->
